# JRE version: OpenJDK Runtime Environment (15.0.1+9) (build 15.0.1+9-18)
# Java VM: OpenJDK 64-Bit Server VM (15.0.1+9-18, mixed mode, sharing, tiered, compressed oops, g1 gc, windows-amd64)
GC Precious Log:
 CPUs: 8 total, 8 available
 Memory: 8039M
 Large Page Support: Disabled
 NUMA Support: Disabled
 Compressed Oops: Enabled (32-bit)
 Heap Region Size: 1M
 Heap Min Capacity: 8M
 Heap Initial Capacity: 126M
 Heap Max Capacity: 2010M
 Pre-touch: Disabled
 Parallel Workers: 8
 Concurrent Workers: 2
 Concurrent Refinement Workers: 8
 Periodic GC: Disabled
Heap:
 garbage-first heap   total 31744K, used 16764K [0x0000000082600000, 0x0000000100000000)
  region size 1024K, 3 young (3072K), 1 survivors (1024K)
 Metaspace       used 31373K, capacity 31610K, committed 31920K, reserved 1077248K
  class space    used 3377K, capacity 3489K, committed 3584K, reserved 1048576K
GC Heap History (12 events):
Event: 1.431 GC heap before
{Heap before GC invocations=0 (full 0):
 garbage-first heap   total 129024K, used 23552K [0x0000000082600000, 0x0000000100000000)
  region size 1024K, 23 young (23552K), 0 survivors (0K)
 Metaspace       used 9382K, capacity 9605K, committed 9728K, reserved 1058816K
  class space    used 888K, capacity 963K, committed 1024K, reserved 1048576K
}
Event: 1.446 GC heap after
{Heap after GC invocations=1 (full 0):
 garbage-first heap   total 129024K, used 4025K [0x0000000082600000, 0x0000000100000000)
  region size 1024K, 3 young (3072K), 3 survivors (3072K)
 Metaspace       used 9382K, capacity 9605K, committed 9728K, reserved 1058816K
  class space    used 888K, capacity 963K, committed 1024K, reserved 1048576K
}
Event: 4.459 GC heap before
{Heap before GC invocations=1 (full 0):
 garbage-first heap   total 129024K, used 28601K [0x0000000082600000, 0x0000000100000000)
  region size 1024K, 29 young (29696K), 3 survivors (3072K)
 Metaspace       used 21065K, capacity 21215K, committed 21296K, reserved 1069056K
  class space    used 2351K, capacity 2421K, committed 2432K, reserved 1048576K
}
Event: 4.467 GC heap after
{Heap after GC invocations=2 (full 0):
 garbage-first heap   total 129024K, used 6321K [0x0000000082600000, 0x0000000100000000)
  region size 1024K, 3 young (3072K), 3 survivors (3072K)
 Metaspace       used 21065K, capacity 21215K, committed 21296K, reserved 1069056K
  class space    used 2351K, capacity 2421K, committed 2432K, reserved 1048576K
}
Event: 5.041 GC heap before
{Heap before GC invocations=3 (full 0):
 garbage-first heap   total 30720K, used 21681K [0x0000000082600000, 0x0000000100000000)
  region size 1024K, 18 young (18432K), 3 survivors (3072K)
 Metaspace       used 24443K, capacity 24665K, committed 24880K, reserved 1071104K
  class space    used 2726K, capacity 2817K, committed 2944K, reserved 1048576K
}
Event: 5.048 GC heap after
{Heap after GC invocations=4 (full 0):
 garbage-first heap   total 30720K, used 7329K [0x0000000082600000, 0x0000000100000000)
  region size 1024K, 2 young (2048K), 2 survivors (2048K)
 Metaspace       used 24443K, capacity 24665K, committed 24880K, reserved 1071104K
  class space    used 2726K, capacity 2817K, committed 2944K, reserved 1048576K
}
Event: 7.765 GC heap before
{Heap before GC invocations=4 (full 0):
 garbage-first heap   total 30720K, used 27809K [0x0000000082600000, 0x0000000100000000)
  region size 1024K, 16 young (16384K), 2 survivors (2048K)
 Metaspace       used 28213K, capacity 28409K, committed 28720K, reserved 1075200K
  class space    used 3083K, capacity 3169K, committed 3200K, reserved 1048576K
}
Event: 7.770 GC heap after
{Heap after GC invocations=5 (full 0):
 garbage-first heap   total 31744K, used 14978K [0x0000000082600000, 0x0000000100000000)
  region size 1024K, 2 young (2048K), 2 survivors (2048K)
 Metaspace       used 28213K, capacity 28409K, committed 28720K, reserved 1075200K
  class space    used 3083K, capacity 3169K, committed 3200K, reserved 1048576K
}
Event: 8.337 GC heap before
{Heap before GC invocations=5 (full 0):
 garbage-first heap   total 31744K, used 24194K [0x0000000082600000, 0x0000000100000000)
  region size 1024K, 11 young (11264K), 2 survivors (2048K)
 Metaspace       used 30022K, capacity 30297K, committed 30512K, reserved 1077248K
  class space    used 3295K, capacity 3393K, committed 3456K, reserved 1048576K
}
Event: 8.343 GC heap after
{Heap after GC invocations=6 (full 0):
 garbage-first heap   total 31744K, used 15784K [0x0000000082600000, 0x0000000100000000)
  region size 1024K, 1 young (1024K), 1 survivors (1024K)
 Metaspace       used 30022K, capacity 30297K, committed 30512K, reserved 1077248K
  class space    used 3295K, capacity 3393K, committed 3456K, reserved 1048576K
}
Event: 14.784 GC heap before
{Heap before GC invocations=6 (full 0):
 garbage-first heap   total 31744K, used 23976K [0x0000000082600000, 0x0000000100000000)
  region size 1024K, 9 young (9216K), 1 survivors (1024K)
 Metaspace       used 31296K, capacity 31545K, committed 31920K, reserved 1077248K
  class space    used 3376K, capacity 3489K, committed 3584K, reserved 1048576K
}
Event: 14.786 GC heap after
{Heap after GC invocations=7 (full 0):
 garbage-first heap   total 31744K, used 15740K [0x0000000082600000, 0x0000000100000000)
  region size 1024K, 1 young (1024K), 1 survivors (1024K)
 Metaspace       used 31296K, capacity 31545K, committed 31920K, reserved 1077248K
  class space    used 3376K, capacity 3489K, committed 3584K, reserved 1048576K
}

