# JRE version: OpenJDK Runtime Environment (15.0.1+9) (build 15.0.1+9-18)
# Java VM: OpenJDK 64-Bit Server VM (15.0.1+9-18, mixed mode, sharing, tiered, compressed oops, g1 gc, windows-amd64)
GC Precious Log:
 CPUs: 8 total, 8 available
 Memory: 8039M
 Large Page Support: Disabled
 NUMA Support: Disabled
 Compressed Oops: Enabled (32-bit)
 Heap Region Size: 1M
 Heap Min Capacity: 8M
 Heap Initial Capacity: 126M
 Heap Max Capacity: 2010M
 Pre-touch: Disabled
 Parallel Workers: 8
 Concurrent Workers: 2
 Concurrent Refinement Workers: 8
 Periodic GC: Disabled
Heap:
 garbage-first heap   total 31744K, used 24875K [0x0000000082600000, 0x0000000100000000)
  region size 1024K, 11 young (11264K), 0 survivors (0K)
 Metaspace       used 31837K, capacity 32122K, committed 32432K, reserved 1079296K
  class space    used 3383K, capacity 3489K, committed 3584K, reserved 1048576K
GC Heap History (20 events):
Event: 10.049 GC heap before
{Heap before GC invocations=5 (full 0):
 garbage-first heap   total 31744K, used 23219K [0x0000000082600000, 0x0000000100000000)
  region size 1024K, 11 young (11264K), 2 survivors (2048K)
 Metaspace       used 29854K, capacity 30137K, committed 30512K, reserved 1077248K
  class space    used 3269K, capacity 3361K, committed 3456K, reserved 1048576K
}
Event: 10.054 GC heap after
{Heap after GC invocations=6 (full 0):
 garbage-first heap   total 31744K, used 15816K [0x0000000082600000, 0x0000000100000000)
  region size 1024K, 1 young (1024K), 1 survivors (1024K)
 Metaspace       used 29854K, capacity 30137K, committed 30512K, reserved 1077248K
  class space    used 3269K, capacity 3361K, committed 3456K, reserved 1048576K
}
Event: 16.828 GC heap before
{Heap before GC invocations=6 (full 0):
 garbage-first heap   total 31744K, used 25032K [0x0000000082600000, 0x0000000100000000)
  region size 1024K, 10 young (10240K), 1 survivors (1024K)
 Metaspace       used 31365K, capacity 31609K, committed 31920K, reserved 1077248K
  class space    used 3374K, capacity 3489K, committed 3584K, reserved 1048576K
}
Event: 16.834 GC heap after
{Heap after GC invocations=7 (full 0):
 garbage-first heap   total 31744K, used 16155K [0x0000000082600000, 0x0000000100000000)
  region size 1024K, 2 young (2048K), 2 survivors (2048K)
 Metaspace       used 31365K, capacity 31609K, committed 31920K, reserved 1077248K
  class space    used 3374K, capacity 3489K, committed 3584K, reserved 1048576K
}
Event: 38.134 GC heap before
{Heap before GC invocations=8 (full 0):
 garbage-first heap   total 31744K, used 24347K [0x0000000082600000, 0x0000000100000000)
  region size 1024K, 10 young (10240K), 2 survivors (2048K)
 Metaspace       used 31502K, capacity 31737K, committed 31920K, reserved 1077248K
  class space    used 3375K, capacity 3489K, committed 3584K, reserved 1048576K
}
Event: 38.136 GC heap after
{Heap after GC invocations=9 (full 0):
 garbage-first heap   total 31744K, used 16070K [0x0000000082600000, 0x0000000100000000)
  region size 1024K, 1 young (1024K), 1 survivors (1024K)
 Metaspace       used 31502K, capacity 31737K, committed 31920K, reserved 1077248K
  class space    used 3375K, capacity 3489K, committed 3584K, reserved 1048576K
}
Event: 61.670 GC heap before
{Heap before GC invocations=9 (full 0):
 garbage-first heap   total 31744K, used 23238K [0x0000000082600000, 0x0000000100000000)
  region size 1024K, 9 young (9216K), 1 survivors (1024K)
 Metaspace       used 31522K, capacity 31801K, committed 32176K, reserved 1077248K
  class space    used 3375K, capacity 3489K, committed 3584K, reserved 1048576K
}
Event: 61.733 GC heap after
{Heap after GC invocations=10 (full 1):
 garbage-first heap   total 31744K, used 14642K [0x0000000082600000, 0x0000000100000000)
  region size 1024K, 0 young (0K), 0 survivors (0K)
 Metaspace       used 31522K, capacity 31801K, committed 32176K, reserved 1077248K
  class space    used 3375K, capacity 3489K, committed 3584K, reserved 1048576K
}
Event: 90.986 GC heap before
{Heap before GC invocations=10 (full 1):
 garbage-first heap   total 31744K, used 24882K [0x0000000082600000, 0x0000000100000000)
  region size 1024K, 10 young (10240K), 0 survivors (0K)
 Metaspace       used 31553K, capacity 31801K, committed 32176K, reserved 1077248K
  class space    used 3375K, capacity 3489K, committed 3584K, reserved 1048576K
}
Event: 90.988 GC heap after
{Heap after GC invocations=11 (full 1):
 garbage-first heap   total 31744K, used 14715K [0x0000000082600000, 0x0000000100000000)
  region size 1024K, 1 young (1024K), 1 survivors (1024K)
 Metaspace       used 31553K, capacity 31801K, committed 32176K, reserved 1077248K
  class space    used 3375K, capacity 3489K, committed 3584K, reserved 1048576K
}
Event: 91.736 GC heap before
{Heap before GC invocations=12 (full 1):
 garbage-first heap   total 31744K, used 14715K [0x0000000082600000, 0x0000000100000000)
  region size 1024K, 2 young (2048K), 1 survivors (1024K)
 Metaspace       used 31553K, capacity 31801K, committed 32176K, reserved 1077248K
  class space    used 3375K, capacity 3489K, committed 3584K, reserved 1048576K
}
Event: 91.759 GC heap after
{Heap after GC invocations=13 (full 2):
 garbage-first heap   total 31744K, used 14630K [0x0000000082600000, 0x0000000100000000)
  region size 1024K, 0 young (0K), 0 survivors (0K)
 Metaspace       used 31553K, capacity 31801K, committed 32176K, reserved 1077248K
  class space    used 3375K, capacity 3489K, committed 3584K, reserved 1048576K
}
Event: 116.983 GC heap before
{Heap before GC invocations=13 (full 2):
 garbage-first heap   total 31744K, used 24870K [0x0000000082600000, 0x0000000100000000)
  region size 1024K, 10 young (10240K), 0 survivors (0K)
 Metaspace       used 31563K, capacity 31801K, committed 32176K, reserved 1077248K
  class space    used 3375K, capacity 3489K, committed 3584K, reserved 1048576K
}
Event: 116.985 GC heap after
{Heap after GC invocations=14 (full 2):
 garbage-first heap   total 31744K, used 14662K [0x0000000082600000, 0x0000000100000000)
  region size 1024K, 1 young (1024K), 1 survivors (1024K)
 Metaspace       used 31563K, capacity 31801K, committed 32176K, reserved 1077248K
  class space    used 3375K, capacity 3489K, committed 3584K, reserved 1048576K
}
Event: 121.762 GC heap before
{Heap before GC invocations=15 (full 2):
 garbage-first heap   total 31744K, used 15686K [0x0000000082600000, 0x0000000100000000)
  region size 1024K, 3 young (3072K), 1 survivors (1024K)
 Metaspace       used 31563K, capacity 31801K, committed 32176K, reserved 1077248K
  class space    used 3375K, capacity 3489K, committed 3584K, reserved 1048576K
}
Event: 121.802 GC heap after
{Heap after GC invocations=16 (full 3):
 garbage-first heap   total 31744K, used 14635K [0x0000000082600000, 0x0000000100000000)
  region size 1024K, 0 young (0K), 0 survivors (0K)
 Metaspace       used 31563K, capacity 31801K, committed 32176K, reserved 1077248K
  class space    used 3375K, capacity 3489K, committed 3584K, reserved 1048576K
}
Event: 146.868 GC heap before
{Heap before GC invocations=16 (full 3):
 garbage-first heap   total 31744K, used 24875K [0x0000000082600000, 0x0000000100000000)
  region size 1024K, 10 young (10240K), 0 survivors (0K)
 Metaspace       used 31586K, capacity 31865K, committed 32176K, reserved 1077248K
  class space    used 3375K, capacity 3489K, committed 3584K, reserved 1048576K
}
Event: 146.870 GC heap after
{Heap after GC invocations=17 (full 3):
 garbage-first heap   total 31744K, used 14663K [0x0000000082600000, 0x0000000100000000)
  region size 1024K, 1 young (1024K), 1 survivors (1024K)
 Metaspace       used 31586K, capacity 31865K, committed 32176K, reserved 1077248K
  class space    used 3375K, capacity 3489K, committed 3584K, reserved 1048576K
}
Event: 151.803 GC heap before
{Heap before GC invocations=18 (full 3):
 garbage-first heap   total 31744K, used 15687K [0x0000000082600000, 0x0000000100000000)
  region size 1024K, 3 young (3072K), 1 survivors (1024K)
 Metaspace       used 31588K, capacity 31865K, committed 32176K, reserved 1077248K
  class space    used 3375K, capacity 3489K, committed 3584K, reserved 1048576K
}
Event: 151.843 GC heap after
{Heap after GC invocations=19 (full 4):
 garbage-first heap   total 31744K, used 14635K [0x0000000082600000, 0x0000000100000000)
  region size 1024K, 0 young (0K), 0 survivors (0K)
 Metaspace       used 31588K, capacity 31865K, committed 32176K, reserved 1077248K
  class space    used 3375K, capacity 3489K, committed 3584K, reserved 1048576K
}

