# JRE version: OpenJDK Runtime Environment (15.0.1+9) (build 15.0.1+9-18)
# Java VM: OpenJDK 64-Bit Server VM (15.0.1+9-18, mixed mode, sharing, tiered, compressed oops, g1 gc, windows-amd64)
GC Precious Log:
 CPUs: 8 total, 8 available
 Memory: 8039M
 Large Page Support: Disabled
 NUMA Support: Disabled
 Compressed Oops: Enabled (32-bit)
 Heap Region Size: 1M
 Heap Min Capacity: 8M
 Heap Initial Capacity: 126M
 Heap Max Capacity: 2010M
 Pre-touch: Disabled
 Parallel Workers: 8
 Concurrent Workers: 2
 Concurrent Refinement Workers: 8
 Periodic GC: Disabled
Heap:
 garbage-first heap   total 53248K, used 29241K [0x0000000082600000, 0x0000000100000000)
  region size 1024K, 2 young (2048K), 1 survivors (1024K)
 Metaspace       used 28502K, capacity 28716K, committed 28976K, reserved 1075200K
  class space    used 3068K, capacity 3138K, committed 3200K, reserved 1048576K
GC Heap History (12 events):
Event: 1.134 GC heap before
{Heap before GC invocations=0 (full 0):
 garbage-first heap   total 129024K, used 23552K [0x0000000082600000, 0x0000000100000000)
  region size 1024K, 23 young (23552K), 0 survivors (0K)
 Metaspace       used 9463K, capacity 9611K, committed 9728K, reserved 1058816K
  class space    used 899K, capacity 961K, committed 1024K, reserved 1048576K
}
Event: 1.138 GC heap after
{Heap after GC invocations=1 (full 0):
 garbage-first heap   total 129024K, used 3806K [0x0000000082600000, 0x0000000100000000)
  region size 1024K, 3 young (3072K), 3 survivors (3072K)
 Metaspace       used 9463K, capacity 9611K, committed 9728K, reserved 1058816K
  class space    used 899K, capacity 961K, committed 1024K, reserved 1048576K
}
Event: 3.614 GC heap before
{Heap before GC invocations=1 (full 0):
 garbage-first heap   total 129024K, used 29406K [0x0000000082600000, 0x0000000100000000)
  region size 1024K, 29 young (29696K), 3 survivors (3072K)
 Metaspace       used 21077K, capacity 21231K, committed 21296K, reserved 1069056K
  class space    used 2357K, capacity 2421K, committed 2432K, reserved 1048576K
}
Event: 3.618 GC heap after
{Heap after GC invocations=2 (full 0):
 garbage-first heap   total 129024K, used 6183K [0x0000000082600000, 0x0000000100000000)
  region size 1024K, 3 young (3072K), 3 survivors (3072K)
 Metaspace       used 21077K, capacity 21231K, committed 21296K, reserved 1069056K
  class space    used 2357K, capacity 2421K, committed 2432K, reserved 1048576K
}
Event: 4.452 GC heap before
{Heap before GC invocations=3 (full 0):
 garbage-first heap   total 30720K, used 21543K [0x0000000082600000, 0x0000000100000000)
  region size 1024K, 18 young (18432K), 3 survivors (3072K)
 Metaspace       used 24494K, capacity 24777K, committed 25136K, reserved 1071104K
  class space    used 2733K, capacity 2849K, committed 2944K, reserved 1048576K
}
Event: 4.456 GC heap after
{Heap after GC invocations=4 (full 0):
 garbage-first heap   total 30720K, used 7244K [0x0000000082600000, 0x0000000100000000)
  region size 1024K, 2 young (2048K), 2 survivors (2048K)
 Metaspace       used 24494K, capacity 24777K, committed 25136K, reserved 1071104K
  class space    used 2733K, capacity 2849K, committed 2944K, reserved 1048576K
}
Event: 24.187 GC heap before
{Heap before GC invocations=4 (full 0):
 garbage-first heap   total 30720K, used 25676K [0x0000000082600000, 0x0000000100000000)
  region size 1024K, 16 young (16384K), 2 survivors (2048K)
 Metaspace       used 28156K, capacity 28393K, committed 28720K, reserved 1075200K
  class space    used 3063K, capacity 3137K, committed 3200K, reserved 1048576K
}
Event: 24.191 GC heap after
{Heap after GC invocations=5 (full 0):
 garbage-first heap   total 32768K, used 14981K [0x0000000082600000, 0x0000000100000000)
  region size 1024K, 2 young (2048K), 2 survivors (2048K)
 Metaspace       used 28156K, capacity 28393K, committed 28720K, reserved 1075200K
  class space    used 3063K, capacity 3137K, committed 3200K, reserved 1048576K
}
Event: 42.193 GC heap before
{Heap before GC invocations=6 (full 0):
 garbage-first heap   total 43008K, used 24197K [0x0000000082600000, 0x0000000100000000)
  region size 1024K, 4 young (4096K), 2 survivors (2048K)
 Metaspace       used 28338K, capacity 28585K, committed 28720K, reserved 1075200K
  class space    used 3065K, capacity 3137K, committed 3200K, reserved 1048576K
}
Event: 42.195 GC heap after
{Heap after GC invocations=7 (full 0):
 garbage-first heap   total 43008K, used 23123K [0x0000000082600000, 0x0000000100000000)
  region size 1024K, 1 young (1024K), 1 survivors (1024K)
 Metaspace       used 28338K, capacity 28585K, committed 28720K, reserved 1075200K
  class space    used 3065K, capacity 3137K, committed 3200K, reserved 1048576K
}
Event: 123.546 GC heap before
{Heap before GC invocations=8 (full 0):
 garbage-first heap   total 53248K, used 31315K [0x0000000082600000, 0x0000000100000000)
  region size 1024K, 4 young (4096K), 1 survivors (1024K)
 Metaspace       used 28481K, capacity 28652K, committed 28976K, reserved 1075200K
  class space    used 3068K, capacity 3138K, committed 3200K, reserved 1048576K
}
Event: 123.547 GC heap after
{Heap after GC invocations=9 (full 0):
 garbage-first heap   total 53248K, used 29241K [0x0000000082600000, 0x0000000100000000)
  region size 1024K, 1 young (1024K), 1 survivors (1024K)
 Metaspace       used 28481K, capacity 28652K, committed 28976K, reserved 1075200K
  class space    used 3068K, capacity 3138K, committed 3200K, reserved 1048576K
}

