# JRE version: OpenJDK Runtime Environment (15.0.1+9) (build 15.0.1+9-18)
# Java VM: OpenJDK 64-Bit Server VM (15.0.1+9-18, mixed mode, sharing, tiered, compressed oops, g1 gc, windows-amd64)
GC Precious Log:
 CPUs: 8 total, 8 available
 Memory: 8039M
 Large Page Support: Disabled
 NUMA Support: Disabled
 Compressed Oops: Enabled (32-bit)
 Heap Region Size: 1M
 Heap Min Capacity: 8M
 Heap Initial Capacity: 126M
 Heap Max Capacity: 2010M
 Pre-touch: Disabled
 Parallel Workers: 8
 Concurrent Workers: 2
 Concurrent Refinement Workers: 8
 Periodic GC: Disabled
Heap:
 garbage-first heap   total 32768K, used 19175K [0x0000000082600000, 0x0000000100000000)
  region size 1024K, 6 young (6144K), 2 survivors (2048K)
 Metaspace       used 31584K, capacity 31810K, committed 32176K, reserved 1077248K
  class space    used 3379K, capacity 3489K, committed 3584K, reserved 1048576K
GC Heap History (12 events):
Event: 1.652 GC heap before
{Heap before GC invocations=0 (full 0):
 garbage-first heap   total 129024K, used 23552K [0x0000000082600000, 0x0000000100000000)
  region size 1024K, 23 young (23552K), 0 survivors (0K)
 Metaspace       used 9393K, capacity 9517K, committed 9728K, reserved 1058816K
  class space    used 889K, capacity 931K, committed 1024K, reserved 1048576K
}
Event: 1.658 GC heap after
{Heap after GC invocations=1 (full 0):
 garbage-first heap   total 129024K, used 4102K [0x0000000082600000, 0x0000000100000000)
  region size 1024K, 3 young (3072K), 3 survivors (3072K)
 Metaspace       used 9393K, capacity 9517K, committed 9728K, reserved 1058816K
  class space    used 889K, capacity 931K, committed 1024K, reserved 1048576K
}
Event: 5.040 GC heap before
{Heap before GC invocations=1 (full 0):
 garbage-first heap   total 129024K, used 29702K [0x0000000082600000, 0x0000000100000000)
  region size 1024K, 29 young (29696K), 3 survivors (3072K)
 Metaspace       used 21067K, capacity 21223K, committed 21296K, reserved 1069056K
  class space    used 2351K, capacity 2421K, committed 2432K, reserved 1048576K
}
Event: 5.047 GC heap after
{Heap after GC invocations=2 (full 0):
 garbage-first heap   total 129024K, used 6213K [0x0000000082600000, 0x0000000100000000)
  region size 1024K, 3 young (3072K), 3 survivors (3072K)
 Metaspace       used 21067K, capacity 21223K, committed 21296K, reserved 1069056K
  class space    used 2351K, capacity 2421K, committed 2432K, reserved 1048576K
}
Event: 5.723 GC heap before
{Heap before GC invocations=3 (full 0):
 garbage-first heap   total 30720K, used 21573K [0x0000000082600000, 0x0000000100000000)
  region size 1024K, 18 young (18432K), 3 survivors (3072K)
 Metaspace       used 24385K, capacity 24673K, committed 24880K, reserved 1071104K
  class space    used 2719K, capacity 2817K, committed 2944K, reserved 1048576K
}
Event: 5.729 GC heap after
{Heap after GC invocations=4 (full 0):
 garbage-first heap   total 30720K, used 7227K [0x0000000082600000, 0x0000000100000000)
  region size 1024K, 2 young (2048K), 2 survivors (2048K)
 Metaspace       used 24385K, capacity 24673K, committed 24880K, reserved 1071104K
  class space    used 2719K, capacity 2817K, committed 2944K, reserved 1048576K
}
Event: 9.067 GC heap before
{Heap before GC invocations=4 (full 0):
 garbage-first heap   total 30720K, used 26683K [0x0000000082600000, 0x0000000100000000)
  region size 1024K, 16 young (16384K), 2 survivors (2048K)
 Metaspace       used 28086K, capacity 28321K, committed 28464K, reserved 1075200K
  class space    used 3061K, capacity 3137K, committed 3200K, reserved 1048576K
}
Event: 9.072 GC heap after
{Heap after GC invocations=5 (full 0):
 garbage-first heap   total 32768K, used 15197K [0x0000000082600000, 0x0000000100000000)
  region size 1024K, 2 young (2048K), 2 survivors (2048K)
 Metaspace       used 28086K, capacity 28321K, committed 28464K, reserved 1075200K
  class space    used 3061K, capacity 3137K, committed 3200K, reserved 1048576K
}
Event: 9.992 GC heap before
{Heap before GC invocations=5 (full 0):
 garbage-first heap   total 32768K, used 23389K [0x0000000082600000, 0x0000000100000000)
  region size 1024K, 11 young (11264K), 2 survivors (2048K)
 Metaspace       used 29820K, capacity 30081K, committed 30256K, reserved 1077248K
  class space    used 3262K, capacity 3361K, committed 3456K, reserved 1048576K
}
Event: 9.998 GC heap after
{Heap after GC invocations=6 (full 0):
 garbage-first heap   total 32768K, used 15571K [0x0000000082600000, 0x0000000100000000)
  region size 1024K, 1 young (1024K), 1 survivors (1024K)
 Metaspace       used 29820K, capacity 30081K, committed 30256K, reserved 1077248K
  class space    used 3262K, capacity 3361K, committed 3456K, reserved 1048576K
}
Event: 15.479 GC heap before
{Heap before GC invocations=6 (full 0):
 garbage-first heap   total 32768K, used 24787K [0x0000000082600000, 0x0000000100000000)
  region size 1024K, 10 young (10240K), 1 survivors (1024K)
 Metaspace       used 31422K, capacity 31681K, committed 31920K, reserved 1077248K
  class space    used 3371K, capacity 3489K, committed 3584K, reserved 1048576K
}
Event: 15.482 GC heap after
{Heap after GC invocations=7 (full 0):
 garbage-first heap   total 32768K, used 16103K [0x0000000082600000, 0x0000000100000000)
  region size 1024K, 2 young (2048K), 2 survivors (2048K)
 Metaspace       used 31422K, capacity 31681K, committed 31920K, reserved 1077248K
  class space    used 3371K, capacity 3489K, committed 3584K, reserved 1048576K
}

